TN:
SF:src\modules\appointments\services\createAppointmentService.ts
FN:14,(anonymous_18)
FN:15,CreateAppointmentService
FN:20,(anonymous_20)
FNF:3
FNH:3
FNDA:1,(anonymous_18)
FNDA:2,CreateAppointmentService
FNDA:3,(anonymous_20)
DA:1,1
DA:3,1
DA:4,1
DA:14,1
DA:17,2
DA:20,1
DA:21,3
DA:22,3
DA:24,3
DA:26,3
DA:30,3
DA:31,1
DA:34,2
DA:39,2
DA:41,1
LF:15
LH:15
BRDA:30,0,0,1
BRDA:30,0,1,2
BRF:2
BRH:2
end_of_record
TN:
SF:src\modules\users\services\createSessionService.ts
FN:21,(anonymous_18)
FN:22,CreateSessionService
FN:27,(anonymous_20)
FNF:3
FNH:3
FNDA:1,(anonymous_18)
FNDA:3,CreateSessionService
FNDA:3,(anonymous_20)
DA:1,1
DA:3,1
DA:5,1
DA:6,1
DA:21,1
DA:23,3
DA:24,3
DA:27,3
DA:28,3
DA:30,3
DA:31,1
DA:34,2
DA:39,2
DA:40,1
DA:43,1
DA:45,1
DA:50,1
DA:52,1
DA:54,1
LF:19
LH:19
BRDA:28,0,0,3
BRDA:30,1,0,1
BRDA:30,1,1,2
BRDA:39,2,0,1
BRDA:39,2,1,1
BRF:5
BRH:5
end_of_record
TN:
SF:src\modules\users\services\createUserService.ts
FN:14,(anonymous_18)
FN:15,CreateUserService
FN:20,(anonymous_20)
FNF:3
FNH:3
FNDA:2,(anonymous_18)
FNDA:5,CreateUserService
FNDA:6,(anonymous_20)
DA:2,2
DA:3,2
DA:14,2
DA:16,5
DA:17,5
DA:20,2
DA:21,6
DA:22,6
DA:23,6
DA:25,6
DA:27,6
DA:28,1
DA:31,5
DA:33,5
DA:39,5
DA:41,2
DA:43,2
LF:17
LH:17
BRDA:25,0,0,6
BRDA:27,1,0,1
BRDA:27,1,1,5
BRF:3
BRH:3
end_of_record
TN:
SF:src\modules\users\services\resetPasswordService.ts
FN:14,(anonymous_18)
FN:15,ResetPasswordService
FN:22,(anonymous_20)
FNF:3
FNH:3
FNDA:1,(anonymous_18)
FNDA:4,ResetPasswordService
FNDA:4,(anonymous_20)
DA:1,1
DA:2,1
DA:3,1
DA:14,1
DA:16,4
DA:18,4
DA:19,4
DA:22,4
DA:23,4
DA:25,4
DA:26,1
DA:29,3
DA:31,3
DA:32,1
DA:35,2
DA:37,2
DA:38,1
DA:41,1
DA:43,2
DA:45,1
LF:20
LH:20
BRDA:23,0,0,4
BRDA:25,1,0,1
BRDA:25,1,1,3
BRDA:31,2,0,1
BRDA:31,2,1,2
BRDA:37,3,0,1
BRDA:37,3,1,1
BRF:7
BRH:7
end_of_record
TN:
SF:src\modules\users\services\sendForgotPasswordEmailService.ts
FN:12,(anonymous_18)
FN:13,SendForgotPasswordEmailService
FN:20,(anonymous_20)
FNF:3
FNH:3
FNDA:1,(anonymous_18)
FNDA:3,SendForgotPasswordEmailService
FNDA:3,(anonymous_20)
DA:1,1
DA:3,1
DA:12,1
DA:14,3
DA:15,3
DA:17,3
DA:20,3
DA:21,3
DA:23,3
DA:24,1
DA:27,4
DA:29,2
DA:31,1
LF:13
LH:13
BRDA:21,0,0,3
BRDA:23,1,0,1
BRDA:23,1,1,2
BRF:3
BRH:3
end_of_record
TN:
SF:src\modules\users\services\updateUserAvatarService.ts
FN:13,(anonymous_18)
FN:14,UpdateUserAvatarService
FN:19,(anonymous_20)
FNF:3
FNH:3
FNDA:1,(anonymous_18)
FNDA:3,UpdateUserAvatarService
FNDA:4,(anonymous_20)
DA:2,1
DA:3,1
DA:13,1
DA:15,3
DA:16,3
DA:19,4
DA:20,4
DA:22,4
DA:23,1
DA:26,3
DA:28,5
DA:29,2
DA:32,3
DA:34,6
DA:36,3
DA:38,1
DA:40,1
LF:17
LH:17
BRDA:20,0,0,4
BRDA:22,1,0,1
BRDA:22,1,1,3
BRDA:28,2,0,2
BRDA:28,2,1,1
BRF:5
BRH:5
end_of_record
