TN:
SF:src\modules\appointments\services\createAppointmentService.ts
FN:16,(anonymous_18)
FN:17,CreateAppointmentService
FN:25,(anonymous_20)
FNF:3
FNH:3
FNDA:1,(anonymous_18)
FNDA:5,CreateAppointmentService
FNDA:7,(anonymous_20)
DA:1,1
DA:3,1
DA:4,1
DA:16,1
DA:19,5
DA:22,5
DA:25,1
DA:26,7
DA:27,7
DA:28,7
DA:30,7
DA:32,7
DA:33,2
DA:36,5
DA:37,1
DA:40,4
DA:41,1
DA:46,3
DA:50,3
DA:51,1
DA:54,2
DA:60,2
DA:62,4
DA:67,2
DA:69,1
LF:25
LH:25
BRDA:32,0,0,2
BRDA:32,0,1,5
BRDA:36,1,0,1
BRDA:36,1,1,4
BRDA:40,2,0,1
BRDA:40,2,1,3
BRDA:40,3,0,4
BRDA:40,3,1,3
BRDA:50,4,0,1
BRDA:50,4,1,2
BRF:10
BRH:10
end_of_record
TN:
SF:src\modules\appointments\services\listProviderAppointmentsService.ts
FN:13,(anonymous_17)
FN:14,ListProviderAppointmentsService
FN:19,(anonymous_19)
FNF:3
FNH:3
FNDA:1,(anonymous_17)
FNDA:1,ListProviderAppointmentsService
FNDA:1,(anonymous_19)
DA:1,1
DA:13,1
DA:16,1
DA:19,1
DA:20,1
DA:21,1
DA:22,1
DA:23,1
DA:25,1
DA:34,1
DA:36,1
LF:11
LH:11
BRDA:25,0,0,1
BRF:1
BRH:1
end_of_record
TN:
SF:src\modules\appointments\services\listProviderDayAvailabilityService.ts
FN:18,(anonymous_17)
FN:19,ListProviderDayAvailabilityService
FN:24,(anonymous_19)
FN:43,(anonymous_22)
FN:48,(anonymous_23)
FN:50,(anonymous_24)
FNF:6
FNH:6
FNDA:1,(anonymous_17)
FNDA:1,ListProviderDayAvailabilityService
FNDA:1,(anonymous_19)
FNDA:10,(anonymous_22)
FNDA:10,(anonymous_23)
FNDA:19,(anonymous_24)
DA:1,1
DA:2,1
DA:18,1
DA:21,1
DA:24,1
DA:25,1
DA:26,1
DA:27,1
DA:28,1
DA:30,1
DA:39,1
DA:41,1
DA:43,10
DA:46,1
DA:48,1
DA:49,10
DA:50,19
DA:53,10
DA:55,10
DA:61,1
DA:63,1
LF:21
LH:21
BRDA:30,0,0,1
BRDA:57,1,0,10
BRDA:57,1,1,8
BRF:3
BRH:3
end_of_record
TN:
SF:src\modules\appointments\services\listProviderMonthAvailabilityService.ts
FN:17,(anonymous_17)
FN:18,ListProviderMonthAvailabilityService
FN:23,(anonymous_19)
FN:40,(anonymous_22)
FN:45,(anonymous_23)
FN:47,(anonymous_24)
FNF:6
FNH:6
FNDA:1,(anonymous_17)
FNDA:1,ListProviderMonthAvailabilityService
FNDA:1,(anonymous_19)
FNDA:31,(anonymous_22)
FNDA:31,(anonymous_23)
FNDA:341,(anonymous_24)
DA:1,1
DA:2,1
DA:17,1
DA:20,1
DA:23,1
DA:24,1
DA:25,1
DA:26,1
DA:28,1
DA:36,1
DA:38,1
DA:40,31
DA:43,1
DA:45,1
DA:46,31
DA:47,341
DA:50,31
DA:52,31
DA:59,1
DA:61,1
LF:20
LH:20
BRDA:28,0,0,1
BRDA:55,1,0,31
BRDA:55,1,1,30
BRF:3
BRH:3
end_of_record
TN:
SF:src\modules\appointments\services\listProvidersService.ts
FN:10,(anonymous_17)
FN:11,ListProvidersService
FN:15,(anonymous_19)
FNF:3
FNH:3
FNDA:1,(anonymous_17)
FNDA:1,ListProvidersService
FNDA:1,(anonymous_19)
DA:1,1
DA:10,1
DA:12,1
DA:15,1
DA:16,1
DA:20,1
DA:22,1
LF:7
LH:7
BRDA:16,0,0,1
BRF:1
BRH:1
end_of_record
TN:
SF:src\modules\users\services\createSessionService.ts
FN:21,(anonymous_18)
FN:22,CreateSessionService
FN:27,(anonymous_20)
FNF:3
FNH:3
FNDA:1,(anonymous_18)
FNDA:3,CreateSessionService
FNDA:3,(anonymous_20)
DA:1,1
DA:3,1
DA:5,1
DA:6,1
DA:21,1
DA:23,3
DA:24,3
DA:27,3
DA:28,3
DA:30,3
DA:31,1
DA:34,2
DA:39,2
DA:40,1
DA:43,1
DA:45,1
DA:50,1
DA:52,1
LF:18
LH:18
BRDA:28,0,0,3
BRDA:30,1,0,1
BRDA:30,1,1,2
BRDA:39,2,0,1
BRDA:39,2,1,1
BRF:5
BRH:5
end_of_record
TN:
SF:src\modules\users\services\createUserService.ts
FN:14,(anonymous_18)
FN:15,CreateUserService
FN:20,(anonymous_20)
FNF:3
FNH:3
FNDA:2,(anonymous_18)
FNDA:5,CreateUserService
FNDA:6,(anonymous_20)
DA:2,2
DA:3,2
DA:14,2
DA:16,5
DA:17,5
DA:20,6
DA:21,6
DA:23,6
DA:24,1
DA:27,5
DA:29,5
DA:35,5
DA:37,2
LF:13
LH:13
BRDA:21,0,0,6
BRDA:23,1,0,1
BRDA:23,1,1,5
BRF:3
BRH:3
end_of_record
TN:
SF:src\modules\users\services\resetPasswordService.ts
FN:14,(anonymous_18)
FN:15,ResetPasswordService
FN:22,(anonymous_20)
FNF:3
FNH:3
FNDA:1,(anonymous_18)
FNDA:4,ResetPasswordService
FNDA:4,(anonymous_20)
DA:1,1
DA:2,1
DA:3,1
DA:14,1
DA:16,4
DA:18,4
DA:19,4
DA:22,4
DA:23,4
DA:25,4
DA:26,1
DA:29,3
DA:31,3
DA:32,1
DA:35,2
DA:37,2
DA:38,1
DA:41,1
DA:43,2
DA:45,1
LF:20
LH:20
BRDA:23,0,0,4
BRDA:25,1,0,1
BRDA:25,1,1,3
BRDA:31,2,0,1
BRDA:31,2,1,2
BRDA:37,3,0,1
BRDA:37,3,1,1
BRF:7
BRH:7
end_of_record
TN:
SF:src\modules\users\services\sendForgotPasswordEmailService.ts
FN:9,(anonymous_18)
FN:10,SendForgotPasswordEmailService
FN:17,(anonymous_20)
FNF:3
FNH:3
FNDA:1,(anonymous_18)
FNDA:3,SendForgotPasswordEmailService
FNDA:3,(anonymous_20)
DA:1,1
DA:3,1
DA:4,1
DA:9,1
DA:11,3
DA:12,3
DA:14,3
DA:17,1
DA:18,3
DA:20,3
DA:21,1
DA:24,2
DA:26,2
DA:28,4
DA:43,1
LF:15
LH:15
BRDA:18,0,0,3
BRDA:20,1,0,1
BRDA:20,1,1,2
BRF:3
BRH:3
end_of_record
TN:
SF:src\modules\users\services\showProfileService.ts
FN:11,(anonymous_18)
FN:12,ShowProfileService
FN:16,(anonymous_20)
FNF:3
FNH:3
FNDA:1,(anonymous_18)
FNDA:2,ShowProfileService
FNDA:2,(anonymous_20)
DA:1,1
DA:2,1
DA:11,1
DA:13,2
DA:16,2
DA:17,2
DA:19,2
DA:20,1
DA:23,1
DA:25,1
LF:10
LH:10
BRDA:17,0,0,2
BRDA:19,1,0,1
BRDA:19,1,1,1
BRF:3
BRH:3
end_of_record
TN:
SF:src\modules\users\services\updateProfileService.ts
FN:16,(anonymous_18)
FN:17,UpdateProfileService
FN:22,(anonymous_20)
FNF:3
FNH:3
FNDA:1,(anonymous_18)
FNDA:5,UpdateProfileService
FNDA:5,(anonymous_20)
DA:1,1
DA:3,1
DA:16,1
DA:18,5
DA:19,5
DA:22,1
DA:23,5
DA:24,5
DA:25,5
DA:26,5
DA:27,5
DA:29,5
DA:31,5
DA:32,1
DA:35,4
DA:37,4
DA:38,1
DA:41,3
DA:42,3
DA:44,3
DA:45,1
DA:50,2
DA:51,2
DA:56,2
DA:57,1
DA:60,1
DA:63,2
DA:65,1
DA:67,1
LF:29
LH:29
BRDA:29,0,0,5
BRDA:29,0,1,1
BRDA:31,1,0,1
BRDA:31,1,1,4
BRDA:37,2,0,1
BRDA:37,2,1,3
BRDA:37,3,0,4
BRDA:37,3,1,3
BRDA:44,4,0,1
BRDA:44,4,1,2
BRDA:44,5,0,3
BRDA:44,5,1,3
BRDA:50,6,0,0
BRDA:50,6,1,2
BRDA:50,7,0,2
BRDA:50,7,1,2
BRDA:56,8,0,1
BRDA:56,8,1,1
BRF:18
BRH:17
end_of_record
TN:
SF:src\modules\users\services\updateUserAvatarService.ts
FN:13,(anonymous_18)
FN:14,UpdateUserAvatarService
FN:19,(anonymous_20)
FNF:3
FNH:3
FNDA:1,(anonymous_18)
FNDA:3,UpdateUserAvatarService
FNDA:4,(anonymous_20)
DA:2,1
DA:3,1
DA:13,1
DA:15,3
DA:16,3
DA:19,4
DA:20,4
DA:22,4
DA:23,1
DA:26,3
DA:28,5
DA:29,2
DA:32,3
DA:34,6
DA:36,3
DA:38,1
DA:40,1
LF:17
LH:17
BRDA:20,0,0,4
BRDA:22,1,0,1
BRDA:22,1,1,3
BRDA:28,2,0,2
BRDA:28,2,1,1
BRF:5
BRH:5
end_of_record
